<?xml version="1.0" encoding="UTF-8"?>
<!-- Generated by org.testng.reporters.JUnitXMLReporter -->
<testsuite ignored="0" hostname="LAPTOP-DOBLN3AU" failures="0" tests="4" name="BlazedemoTest" time="14.555" errors="0" timestamp="04 Jan 2022 09:46:31 GMT">
  <testcase classname="com.qa.blazedemo.testcases.RegisterPageTest" name="verifytitleTest" time="0.013"/>
  <testcase classname="com.qa.blazedemo.testcases.RegisterPageTest" name="clickLinkToRegisterPageTest" time="5.145"/>
  <testcase classname="com.qa.blazedemo.testcases.RegisterPageTest" name="verifyRegisterURLTest" time="0.009"/>
  <testcase classname="com.qa.blazedemo.testcases.RegisterPageTest" name="RegisterUserTest" time="1.955"/>
</testsuite> <!-- BlazedemoTest -->
