<?xml version="1.0" encoding="UTF-8"?>
<!-- Generated by org.testng.reporters.JUnitXMLReporter -->
<testsuite ignored="0" hostname="LAPTOP-DOBLN3AU" failures="0" tests="2" name="BlazedemoTest3" time="10.483" errors="0" timestamp="04 Jan 2022 09:46:57 GMT">
  <testcase classname="com.qa.blazedemo.testcases.MainPageTest" name="clickdestinationTest" time="3.706"/>
  <testcase classname="com.qa.blazedemo.testcases.MainPageTest" name="clickTravellinkTest" time="0.64"/>
</testsuite> <!-- BlazedemoTest3 -->
