<?xml version="1.0" encoding="UTF-8"?>
<testng-results ignored="0" total="11" passed="11" failed="0" skipped="0">
  <reporter-output>
  </reporter-output>
  <suite started-at="2022-01-04T09:46:16Z" name="CapstoneProject" finished-at="2022-01-04T09:47:29Z" duration-ms="73173">
    <groups>
    </groups>
    <test started-at="2022-01-04T09:46:16Z" name="BlazedemoTest" finished-at="2022-01-04T09:46:31Z" duration-ms="14555">
      <class name="com.qa.blazedemo.testcases.RegisterPageTest">
        <test-method is-config="true" signature="initialization()[pri:0, instance:com.qa.blazedemo.testcases.RegisterPageTest@642a7222]" started-at="2022-01-04T09:46:16Z" name="initialization" finished-at="2022-01-04T09:46:20Z" duration-ms="4146" status="PASS">
          <reporter-output>
          </reporter-output>
        </test-method> <!-- initialization -->
        <test-method is-config="true" signature="openBrowser()[pri:0, instance:com.qa.blazedemo.testcases.RegisterPageTest@642a7222]" started-at="2022-01-04T09:46:20Z" name="openBrowser" finished-at="2022-01-04T09:46:20Z" duration-ms="2" status="PASS">
          <reporter-output>
          </reporter-output>
        </test-method> <!-- openBrowser -->
        <test-method signature="verifytitleTest()[pri:49, instance:com.qa.blazedemo.testcases.RegisterPageTest@642a7222]" started-at="2022-01-04T09:46:20Z" name="verifytitleTest" finished-at="2022-01-04T09:46:20Z" duration-ms="13" status="PASS">
          <reporter-output>
          </reporter-output>
        </test-method> <!-- verifytitleTest -->
        <test-method signature="clickLinkToRegisterPageTest()[pri:50, instance:com.qa.blazedemo.testcases.RegisterPageTest@642a7222]" started-at="2022-01-04T09:46:20Z" name="clickLinkToRegisterPageTest" finished-at="2022-01-04T09:46:25Z" duration-ms="5145" status="PASS">
          <reporter-output>
          </reporter-output>
        </test-method> <!-- clickLinkToRegisterPageTest -->
        <test-method signature="verifyRegisterURLTest()[pri:51, instance:com.qa.blazedemo.testcases.RegisterPageTest@642a7222]" started-at="2022-01-04T09:46:25Z" name="verifyRegisterURLTest" finished-at="2022-01-04T09:46:25Z" duration-ms="9" status="PASS">
          <reporter-output>
          </reporter-output>
        </test-method> <!-- verifyRegisterURLTest -->
        <test-method signature="RegisterUserTest(java.lang.String, java.lang.String, java.lang.String, java.lang.String, java.lang.String)[pri:52, instance:com.qa.blazedemo.testcases.RegisterPageTest@642a7222]" started-at="2022-01-04T09:46:25Z" name="RegisterUserTest" finished-at="2022-01-04T09:46:27Z" duration-ms="1955" status="PASS">
          <params>
            <param index="0">
              <value>
                <![CDATA[admin]]>
              </value>
            </param>
            <param index="1">
              <value>
                <![CDATA[Simplilearn]]>
              </value>
            </param>
            <param index="2">
              <value>
                <![CDATA[appiumtrial@gmail.com]]>
              </value>
            </param>
            <param index="3">
              <value>
                <![CDATA[admin@123]]>
              </value>
            </param>
            <param index="4">
              <value>
                <![CDATA[admin@123]]>
              </value>
            </param>
          </params>
          <reporter-output>
          </reporter-output>
        </test-method> <!-- RegisterUserTest -->
        <test-method is-config="true" signature="browserClose()[pri:0, instance:com.qa.blazedemo.testcases.RegisterPageTest@642a7222]" started-at="2022-01-04T09:46:27Z" name="browserClose" finished-at="2022-01-04T09:46:31Z" duration-ms="3252" status="PASS">
          <reporter-output>
          </reporter-output>
        </test-method> <!-- browserClose -->
      </class> <!-- com.qa.blazedemo.testcases.RegisterPageTest -->
    </test> <!-- BlazedemoTest -->
    <test started-at="2022-01-04T09:46:31Z" name="BlazedemoTest2" finished-at="2022-01-04T09:46:47Z" duration-ms="16143">
      <class name="com.qa.blazedemo.testcases.LoginPageTest">
        <test-method is-config="true" signature="initialization()[pri:0, instance:com.qa.blazedemo.testcases.LoginPageTest@7d9f158f]" started-at="2022-01-04T09:46:31Z" name="initialization" finished-at="2022-01-04T09:46:34Z" duration-ms="3247" status="PASS">
          <reporter-output>
          </reporter-output>
        </test-method> <!-- initialization -->
        <test-method is-config="true" signature="openBrowser()[pri:0, instance:com.qa.blazedemo.testcases.LoginPageTest@7d9f158f]" started-at="2022-01-04T09:46:34Z" name="openBrowser" finished-at="2022-01-04T09:46:34Z" duration-ms="2" status="PASS">
          <reporter-output>
          </reporter-output>
        </test-method> <!-- openBrowser -->
        <test-method signature="clickLinkToLoginPageTest()[pri:49, instance:com.qa.blazedemo.testcases.LoginPageTest@7d9f158f]" started-at="2022-01-04T09:46:34Z" name="clickLinkToLoginPageTest" finished-at="2022-01-04T09:46:39Z" duration-ms="4899" status="PASS">
          <reporter-output>
          </reporter-output>
        </test-method> <!-- clickLinkToLoginPageTest -->
        <test-method signature="verifyLoginURLTest()[pri:50, instance:com.qa.blazedemo.testcases.LoginPageTest@7d9f158f]" started-at="2022-01-04T09:46:39Z" name="verifyLoginURLTest" finished-at="2022-01-04T09:46:39Z" duration-ms="18" status="PASS">
          <reporter-output>
          </reporter-output>
        </test-method> <!-- verifyLoginURLTest -->
        <test-method signature="logindetailsTest(java.lang.String, java.lang.String)[pri:51, instance:com.qa.blazedemo.testcases.LoginPageTest@7d9f158f]" started-at="2022-01-04T09:46:39Z" name="logindetailsTest" finished-at="2022-01-04T09:46:44Z" duration-ms="4817" status="PASS">
          <params>
            <param index="0">
              <value>
                <![CDATA[appiumtrial@gmail.com]]>
              </value>
            </param>
            <param index="1">
              <value>
                <![CDATA[admin@123]]>
              </value>
            </param>
          </params>
          <reporter-output>
          </reporter-output>
        </test-method> <!-- logindetailsTest -->
        <test-method is-config="true" signature="browserClose()[pri:0, instance:com.qa.blazedemo.testcases.LoginPageTest@7d9f158f]" started-at="2022-01-04T09:46:44Z" name="browserClose" finished-at="2022-01-04T09:46:47Z" duration-ms="3155" status="PASS">
          <reporter-output>
          </reporter-output>
        </test-method> <!-- browserClose -->
      </class> <!-- com.qa.blazedemo.testcases.LoginPageTest -->
    </test> <!-- BlazedemoTest2 -->
    <test started-at="2022-01-04T09:46:47Z" name="BlazedemoTest3" finished-at="2022-01-04T09:46:57Z" duration-ms="10483">
      <class name="com.qa.blazedemo.testcases.MainPageTest">
        <test-method is-config="true" signature="initialization()[pri:0, instance:com.qa.blazedemo.testcases.MainPageTest@68746f22]" started-at="2022-01-04T09:46:47Z" name="initialization" finished-at="2022-01-04T09:46:50Z" duration-ms="2971" status="PASS">
          <reporter-output>
          </reporter-output>
        </test-method> <!-- initialization -->
        <test-method is-config="true" signature="openBrowser()[pri:0, instance:com.qa.blazedemo.testcases.MainPageTest@68746f22]" started-at="2022-01-04T09:46:50Z" name="openBrowser" finished-at="2022-01-04T09:46:50Z" duration-ms="1" status="PASS">
          <reporter-output>
          </reporter-output>
        </test-method> <!-- openBrowser -->
        <test-method signature="clickdestinationTest()[pri:49, instance:com.qa.blazedemo.testcases.MainPageTest@68746f22]" started-at="2022-01-04T09:46:50Z" name="clickdestinationTest" finished-at="2022-01-04T09:46:53Z" duration-ms="3706" status="PASS">
          <reporter-output>
          </reporter-output>
        </test-method> <!-- clickdestinationTest -->
        <test-method signature="clickTravellinkTest()[pri:50, instance:com.qa.blazedemo.testcases.MainPageTest@68746f22]" started-at="2022-01-04T09:46:53Z" name="clickTravellinkTest" finished-at="2022-01-04T09:46:54Z" duration-ms="640" status="PASS">
          <reporter-output>
          </reporter-output>
        </test-method> <!-- clickTravellinkTest -->
        <test-method is-config="true" signature="browserClose()[pri:0, instance:com.qa.blazedemo.testcases.MainPageTest@68746f22]" started-at="2022-01-04T09:46:54Z" name="browserClose" finished-at="2022-01-04T09:46:57Z" duration-ms="3162" status="PASS">
          <reporter-output>
          </reporter-output>
        </test-method> <!-- browserClose -->
      </class> <!-- com.qa.blazedemo.testcases.MainPageTest -->
    </test> <!-- BlazedemoTest3 -->
    <test started-at="2022-01-04T09:46:57Z" name="BlazedemoTest5" finished-at="2022-01-04T09:47:29Z" duration-ms="31912">
      <class name="com.qa.blazedemo.testcases.PurchaseflightPageTest">
        <test-method is-config="true" signature="initialization()[pri:0, instance:com.qa.blazedemo.testcases.PurchaseflightPageTest@53f3bdbd]" started-at="2022-01-04T09:46:57Z" name="initialization" finished-at="2022-01-04T09:47:01Z" duration-ms="3211" status="PASS">
          <reporter-output>
          </reporter-output>
        </test-method> <!-- initialization -->
        <test-method is-config="true" signature="openbrowser()[pri:0, instance:com.qa.blazedemo.testcases.PurchaseflightPageTest@53f3bdbd]" started-at="2022-01-04T09:47:01Z" name="openbrowser" finished-at="2022-01-04T09:47:01Z" duration-ms="4" status="PASS">
          <reporter-output>
          </reporter-output>
        </test-method> <!-- openbrowser -->
        <test-method is-config="true" signature="ChooseflightTest()[pri:0, instance:com.qa.blazedemo.testcases.PurchaseflightPageTest@53f3bdbd]" started-at="2022-01-04T09:47:02Z" name="ChooseflightTest" finished-at="2022-01-04T09:47:09Z" duration-ms="7463" status="PASS">
          <reporter-output>
          </reporter-output>
        </test-method> <!-- ChooseflightTest -->
        <test-method signature="purchaseFlight(java.lang.String, java.lang.String, java.lang.String, java.lang.String, java.lang.String, java.lang.String, java.lang.String, java.lang.String, java.lang.String)[pri:49, instance:com.qa.blazedemo.testcases.PurchaseflightPageTest@53f3bdbd]" started-at="2022-01-04T09:47:09Z" name="purchaseFlight" data-provider="testdata" finished-at="2022-01-04T09:47:11Z" duration-ms="1832" status="PASS">
          <params>
            <param index="0">
              <value>
                <![CDATA[John]]>
              </value>
            </param>
            <param index="1">
              <value>
                <![CDATA[123 Main st]]>
              </value>
            </param>
            <param index="2">
              <value>
                <![CDATA[Anytown]]>
              </value>
            </param>
            <param index="3">
              <value>
                <![CDATA[state]]>
              </value>
            </param>
            <param index="4">
              <value>
                <![CDATA[12345.0]]>
              </value>
            </param>
            <param index="5">
              <value>
                <![CDATA[1.23456789123456E15]]>
              </value>
            </param>
            <param index="6">
              <value>
                <![CDATA[11.0]]>
              </value>
            </param>
            <param index="7">
              <value>
                <![CDATA[2023.0]]>
              </value>
            </param>
            <param index="8">
              <value>
                <![CDATA[John Smith]]>
              </value>
            </param>
          </params>
          <reporter-output>
          </reporter-output>
        </test-method> <!-- purchaseFlight -->
        <test-method is-config="true" signature="closeBrowser()[pri:0, instance:com.qa.blazedemo.testcases.PurchaseflightPageTest@53f3bdbd]" started-at="2022-01-04T09:47:11Z" name="closeBrowser" finished-at="2022-01-04T09:47:11Z" duration-ms="257" status="PASS">
          <reporter-output>
          </reporter-output>
        </test-method> <!-- closeBrowser -->
        <test-method is-config="true" signature="ChooseflightTest()[pri:0, instance:com.qa.blazedemo.testcases.PurchaseflightPageTest@53f3bdbd]" started-at="2022-01-04T09:47:11Z" name="ChooseflightTest" finished-at="2022-01-04T09:47:20Z" duration-ms="8402" status="PASS">
          <reporter-output>
          </reporter-output>
        </test-method> <!-- ChooseflightTest -->
        <test-method signature="purchaseFlight(java.lang.String, java.lang.String, java.lang.String, java.lang.String, java.lang.String, java.lang.String, java.lang.String, java.lang.String, java.lang.String)[pri:49, instance:com.qa.blazedemo.testcases.PurchaseflightPageTest@53f3bdbd]" started-at="2022-01-04T09:47:20Z" name="purchaseFlight" data-provider="testdata" finished-at="2022-01-04T09:47:22Z" duration-ms="1705" status="PASS">
          <params>
            <param index="0">
              <value>
                <![CDATA[jack]]>
              </value>
            </param>
            <param index="1">
              <value>
                <![CDATA[124 Main st]]>
              </value>
            </param>
            <param index="2">
              <value>
                <![CDATA[Anytown]]>
              </value>
            </param>
            <param index="3">
              <value>
                <![CDATA[state]]>
              </value>
            </param>
            <param index="4">
              <value>
                <![CDATA[12345.0]]>
              </value>
            </param>
            <param index="5">
              <value>
                <![CDATA[1.23456789123456E15]]>
              </value>
            </param>
            <param index="6">
              <value>
                <![CDATA[11.0]]>
              </value>
            </param>
            <param index="7">
              <value>
                <![CDATA[2023.0]]>
              </value>
            </param>
            <param index="8">
              <value>
                <![CDATA[jack]]>
              </value>
            </param>
          </params>
          <reporter-output>
          </reporter-output>
        </test-method> <!-- purchaseFlight -->
        <test-method is-config="true" signature="closeBrowser()[pri:0, instance:com.qa.blazedemo.testcases.PurchaseflightPageTest@53f3bdbd]" started-at="2022-01-04T09:47:22Z" name="closeBrowser" finished-at="2022-01-04T09:47:26Z" duration-ms="4623" status="PASS">
          <reporter-output>
          </reporter-output>
        </test-method> <!-- closeBrowser -->
        <test-method is-config="true" signature="browserClose()[pri:0, instance:com.qa.blazedemo.testcases.PurchaseflightPageTest@53f3bdbd]" started-at="2022-01-04T09:47:26Z" name="browserClose" finished-at="2022-01-04T09:47:29Z" duration-ms="3036" status="FAIL">
          <exception class="org.openqa.selenium.NoSuchSessionException">
            <message>
              <![CDATA[invalid session id
Build info: version: '3.141.59', revision: 'e82be7d358', time: '2018-11-14T08:17:03'
System info: host: 'LAPTOP-DOBLN3AU', ip: '192.168.1.14', os.name: 'Windows 10', os.arch: 'amd64', os.version: '10.0', java.version: '11.0.2'
Driver info: org.openqa.selenium.chrome.ChromeDriver
Capabilities {acceptInsecureCerts: false, browserName: chrome, browserVersion: 96.0.4664.110, chrome: {chromedriverVersion: 96.0.4664.45 (76e4c1bb2ab46..., userDataDir: C:\Users\sonal\AppData\Loca...}, goog:chromeOptions: {debuggerAddress: localhost:57102}, javascriptEnabled: true, networkConnectionEnabled: false, pageLoadStrategy: normal, platform: WINDOWS, platformName: WINDOWS, proxy: Proxy(), setWindowRect: true, strictFileInteractability: false, timeouts: {implicit: 0, pageLoad: 300000, script: 30000}, unhandledPromptBehavior: dismiss and notify, webauthn:extension:credBlob: true, webauthn:extension:largeBlob: true, webauthn:virtualAuthenticators: true}
Session ID: e118af7287a09fa5d8aadf3ee7b10097]]>
            </message>
            <full-stacktrace>
              <![CDATA[org.openqa.selenium.NoSuchSessionException: invalid session id
Build info: version: '3.141.59', revision: 'e82be7d358', time: '2018-11-14T08:17:03'
System info: host: 'LAPTOP-DOBLN3AU', ip: '192.168.1.14', os.name: 'Windows 10', os.arch: 'amd64', os.version: '10.0', java.version: '11.0.2'
Driver info: org.openqa.selenium.chrome.ChromeDriver
Capabilities {acceptInsecureCerts: false, browserName: chrome, browserVersion: 96.0.4664.110, chrome: {chromedriverVersion: 96.0.4664.45 (76e4c1bb2ab46..., userDataDir: C:\Users\sonal\AppData\Loca...}, goog:chromeOptions: {debuggerAddress: localhost:57102}, javascriptEnabled: true, networkConnectionEnabled: false, pageLoadStrategy: normal, platform: WINDOWS, platformName: WINDOWS, proxy: Proxy(), setWindowRect: true, strictFileInteractability: false, timeouts: {implicit: 0, pageLoad: 300000, script: 30000}, unhandledPromptBehavior: dismiss and notify, webauthn:extension:credBlob: true, webauthn:extension:largeBlob: true, webauthn:virtualAuthenticators: true}
Session ID: e118af7287a09fa5d8aadf3ee7b10097
at java.base/jdk.internal.reflect.NativeConstructorAccessorImpl.newInstance0(Native Method)
at java.base/jdk.internal.reflect.NativeConstructorAccessorImpl.newInstance(NativeConstructorAccessorImpl.java:62)
at java.base/jdk.internal.reflect.DelegatingConstructorAccessorImpl.newInstance(DelegatingConstructorAccessorImpl.java:45)
at java.base/java.lang.reflect.Constructor.newInstance(Constructor.java:490)
at org.openqa.selenium.remote.http.W3CHttpResponseCodec.createException(W3CHttpResponseCodec.java:187)
at org.openqa.selenium.remote.http.W3CHttpResponseCodec.decode(W3CHttpResponseCodec.java:122)
at org.openqa.selenium.remote.http.W3CHttpResponseCodec.decode(W3CHttpResponseCodec.java:49)
at org.openqa.selenium.remote.HttpCommandExecutor.execute(HttpCommandExecutor.java:158)
at org.openqa.selenium.remote.service.DriverCommandExecutor.execute(DriverCommandExecutor.java:83)
at org.openqa.selenium.remote.RemoteWebDriver.execute(RemoteWebDriver.java:552)
at org.openqa.selenium.remote.RemoteWebDriver.execute(RemoteWebDriver.java:609)
at org.openqa.selenium.remote.RemoteWebDriver.close(RemoteWebDriver.java:442)
at com.qa.blazedemo.base.TestBase.browserClose(TestBase.java:37)
at java.base/jdk.internal.reflect.NativeMethodAccessorImpl.invoke0(Native Method)
at java.base/jdk.internal.reflect.NativeMethodAccessorImpl.invoke(NativeMethodAccessorImpl.java:62)
at java.base/jdk.internal.reflect.DelegatingMethodAccessorImpl.invoke(DelegatingMethodAccessorImpl.java:43)
at java.base/java.lang.reflect.Method.invoke(Method.java:566)
at org.testng.internal.MethodInvocationHelper.invokeMethod(MethodInvocationHelper.java:124)
at org.testng.internal.MethodInvocationHelper.invokeMethodConsideringTimeout(MethodInvocationHelper.java:59)
at org.testng.internal.Invoker.invokeConfigurationMethod(Invoker.java:458)
at org.testng.internal.Invoker.invokeConfigurations(Invoker.java:222)
at org.testng.internal.Invoker.invokeConfigurations(Invoker.java:142)
at org.testng.TestRunner.afterRun(TestRunner.java:725)
at org.testng.TestRunner.run(TestRunner.java:509)
at org.testng.SuiteRunner.runTest(SuiteRunner.java:455)
at org.testng.SuiteRunner.runSequentially(SuiteRunner.java:450)
at org.testng.SuiteRunner.privateRun(SuiteRunner.java:415)
at org.testng.SuiteRunner.run(SuiteRunner.java:364)
at org.testng.SuiteRunnerWorker.runSuite(SuiteRunnerWorker.java:52)
at org.testng.SuiteRunnerWorker.run(SuiteRunnerWorker.java:84)
at org.testng.TestNG.runSuitesSequentially(TestNG.java:1208)
at org.testng.TestNG.runSuitesLocally(TestNG.java:1137)
at org.testng.TestNG.runSuites(TestNG.java:1049)
at org.testng.TestNG.run(TestNG.java:1017)
at org.apache.maven.surefire.testng.TestNGExecutor.run(TestNGExecutor.java:283)
at org.apache.maven.surefire.testng.TestNGXmlTestSuite.execute(TestNGXmlTestSuite.java:75)
at org.apache.maven.surefire.testng.TestNGProvider.invoke(TestNGProvider.java:120)
at org.apache.maven.surefire.booter.ForkedBooter.invokeProviderInSameClassLoader(ForkedBooter.java:379)
at org.apache.maven.surefire.booter.ForkedBooter.runSuitesInProcess(ForkedBooter.java:340)
at org.apache.maven.surefire.booter.ForkedBooter.execute(ForkedBooter.java:125)
at org.apache.maven.surefire.booter.ForkedBooter.main(ForkedBooter.java:413)
]]>
            </full-stacktrace>
          </exception> <!-- org.openqa.selenium.NoSuchSessionException -->
          <reporter-output>
          </reporter-output>
        </test-method> <!-- browserClose -->
      </class> <!-- com.qa.blazedemo.testcases.PurchaseflightPageTest -->
    </test> <!-- BlazedemoTest5 -->
  </suite> <!-- CapstoneProject -->
</testng-results>
