<?xml version="1.0" encoding="UTF-8"?>
<testsuite xmlns:xsi="http://www.w3.org/2001/XMLSchema-instance" xsi:noNamespaceSchemaLocation="https://maven.apache.org/surefire/maven-surefire-plugin/xsd/surefire-test-report.xsd" name="TestSuite" time="74.73" tests="12" errors="0" skipped="0" failures="1">
  <properties>
[...]
</properties>
  <testcase name="verifytitleTest" classname="com.qa.blazedemo.testcases.RegisterPageTest" time="0.027"/>
  <testcase name="clickLinkToRegisterPageTest" classname="com.qa.blazedemo.testcases.RegisterPageTest" time="5.134"/>
  <testcase name="verifyRegisterURLTest" classname="com.qa.blazedemo.testcases.RegisterPageTest" time="0.009"/>
  <testcase name="RegisterUserTest" classname="com.qa.blazedemo.testcases.RegisterPageTest" time="1.953"/>
  <testcase name="clickLinkToLoginPageTest" classname="com.qa.blazedemo.testcases.LoginPageTest" time="4.898"/>
  <testcase name="verifyLoginURLTest" classname="com.qa.blazedemo.testcases.LoginPageTest" time="0.018"/>
  <testcase name="logindetailsTest" classname="com.qa.blazedemo.testcases.LoginPageTest" time="4.823"/>
  <testcase name="clickdestinationTest" classname="com.qa.blazedemo.testcases.MainPageTest" time="3.704"/>
  <testcase name="clickTravellinkTest" classname="com.qa.blazedemo.testcases.MainPageTest" time="0.641"/>
  <testcase name="purchaseFlight" classname="com.qa.blazedemo.testcases.PurchaseflightPageTest" time="1.829"/>
  <testcase name="purchaseFlight" classname="com.qa.blazedemo.testcases.PurchaseflightPageTest" time="1.704"/>
  <testcase name="browserClose" classname="com.qa.blazedemo.testcases.PurchaseflightPageTest" time="9.371">
    <failure message="invalid session id&#10;Build info: version: &apos;3.141.59&apos;, revision: &apos;e82be7d358&apos;, time: &apos;2018-11-14T08:17:03&apos;&#10;System info: host: &apos;LAPTOP-DOBLN3AU&apos;, ip: &apos;192.168.1.14&apos;, os.name: &apos;Windows 10&apos;, os.arch: &apos;amd64&apos;, os.version: &apos;10.0&apos;, java.version: &apos;11.0.2&apos;&#10;Driver info: org.openqa.selenium.chrome.ChromeDriver&#10;Capabilities {acceptInsecureCerts: false, browserName: chrome, browserVersion: 96.0.4664.110, chrome: {chromedriverVersion: 96.0.4664.45 (76e4c1bb2ab46..., userDataDir: C:\Users\sonal\AppData\Loca...}, goog:chromeOptions: {debuggerAddress: localhost:57102}, javascriptEnabled: true, networkConnectionEnabled: false, pageLoadStrategy: normal, platform: WINDOWS, platformName: WINDOWS, proxy: Proxy(), setWindowRect: true, strictFileInteractability: false, timeouts: {implicit: 0, pageLoad: 300000, script: 30000}, unhandledPromptBehavior: dismiss and notify, webauthn:extension:credBlob: true, webauthn:extension:largeBlob: true, webauthn:virtualAuthenticators: true}&#10;Session ID: e118af7287a09fa5d8aadf3ee7b10097" type="org.openqa.selenium.NoSuchSessionException">org.openqa.selenium.NoSuchSessionException: 
invalid session id
Build info: version: '3.141.59', revision: 'e82be7d358', time: '2018-11-14T08:17:03'
System info: host: 'LAPTOP-DOBLN3AU', ip: '192.168.1.14', os.name: 'Windows 10', os.arch: 'amd64', os.version: '10.0', java.version: '11.0.2'
Driver info: org.openqa.selenium.chrome.ChromeDriver
Capabilities {acceptInsecureCerts: false, browserName: chrome, browserVersion: 96.0.4664.110, chrome: {chromedriverVersion: 96.0.4664.45 (76e4c1bb2ab46..., userDataDir: C:\Users\sonal\AppData\Loca...}, goog:chromeOptions: {debuggerAddress: localhost:57102}, javascriptEnabled: true, networkConnectionEnabled: false, pageLoadStrategy: normal, platform: WINDOWS, platformName: WINDOWS, proxy: Proxy(), setWindowRect: true, strictFileInteractability: false, timeouts: {implicit: 0, pageLoad: 300000, script: 30000}, unhandledPromptBehavior: dismiss and notify, webauthn:extension:credBlob: true, webauthn:extension:largeBlob: true, webauthn:virtualAuthenticators: true}
Session ID: e118af7287a09fa5d8aadf3ee7b10097
</failure>
  </testcase>
</testsuite>