<?xml version="1.0" encoding="UTF-8"?>
<testng-results ignored="0" total="2" passed="2" failed="0" skipped="0">
  <reporter-output>
  </reporter-output>
  <suite started-at="2022-01-03T17:37:57 IST" name="CapstoneProject" finished-at="2022-01-03T17:38:09 IST" duration-ms="11428">
    <groups>
    </groups>
    <test started-at="2022-01-03T17:37:57 IST" name="BlazedemoTest4" finished-at="2022-01-03T17:38:09 IST" duration-ms="11428">
      <class name="com.qa.blazedemo.testcases.ChooseFlightsTest">
        <test-method is-config="true" signature="initialization()[pri:0, instance:com.qa.blazedemo.testcases.ChooseFlightsTest@63a12c68]" started-at="2022-01-03T17:37:57 IST" name="initialization" finished-at="2022-01-03T17:38:01 IST" duration-ms="4026" status="PASS">
          <reporter-output>
          </reporter-output>
        </test-method> <!-- initialization -->
        <test-method is-config="true" signature="openbrowser()[pri:0, instance:com.qa.blazedemo.testcases.ChooseFlightsTest@63a12c68]" started-at="2022-01-03T17:38:01 IST" name="openbrowser" finished-at="2022-01-03T17:38:01 IST" duration-ms="1" status="PASS">
          <reporter-output>
          </reporter-output>
        </test-method> <!-- openbrowser -->
        <test-method signature="findflightTest(java.lang.String,java.lang.String)[pri:49, instance:com.qa.blazedemo.testcases.ChooseFlightsTest@63a12c68]" started-at="2022-01-03T17:38:01 IST" name="findflightTest" finished-at="2022-01-03T17:38:05 IST" duration-ms="3599" status="PASS">
          <params>
            <param index="0">
              <value>
                <![CDATA[Paris]]>
              </value>
            </param>
            <param index="1">
              <value>
                <![CDATA[London]]>
              </value>
            </param>
          </params>
          <reporter-output>
          </reporter-output>
        </test-method> <!-- findflightTest -->
        <test-method signature="chooseflightTest()[pri:50, instance:com.qa.blazedemo.testcases.ChooseFlightsTest@63a12c68]" started-at="2022-01-03T17:38:05 IST" name="chooseflightTest" finished-at="2022-01-03T17:38:06 IST" duration-ms="584" status="PASS">
          <reporter-output>
          </reporter-output>
        </test-method> <!-- chooseflightTest -->
        <test-method is-config="true" signature="browserClose()[pri:0, instance:com.qa.blazedemo.testcases.ChooseFlightsTest@63a12c68]" started-at="2022-01-03T17:38:06 IST" name="browserClose" finished-at="2022-01-03T17:38:09 IST" duration-ms="3161" status="PASS">
          <reporter-output>
          </reporter-output>
        </test-method> <!-- browserClose -->
      </class> <!-- com.qa.blazedemo.testcases.ChooseFlightsTest -->
    </test> <!-- BlazedemoTest4 -->
  </suite> <!-- CapstoneProject -->
</testng-results>
