<?xml version="1.0" encoding="UTF-8"?>
<!-- Generated by org.testng.reporters.JUnitXMLReporter -->
<testsuite ignored="0" hostname="LAPTOP-DOBLN3AU" failures="0" tests="3" name="BlazedemoTest2" time="14.787" errors="0" timestamp="2022-01-04T15:11:47 IST">
  <testcase classname="com.qa.blazedemo.testcases.LoginPageTest" name="clickLinkToLoginPageTest" time="4.03"/>
  <testcase classname="com.qa.blazedemo.testcases.LoginPageTest" name="verifyLoginURLTest" time="0.014"/>
  <testcase classname="com.qa.blazedemo.testcases.LoginPageTest" name="logindetailsTest" time="4.517"/>
</testsuite> <!-- BlazedemoTest2 -->
