<?xml version="1.0" encoding="UTF-8"?>
<!-- Generated by org.testng.reporters.JUnitXMLReporter -->
<testsuite ignored="0" hostname="LAPTOP-DOBLN3AU" failures="0" tests="4" name="BlazedemoTest" time="14.835" errors="0" timestamp="2022-01-03T17:37:23 IST">
  <testcase classname="com.qa.blazedemo.testcases.RegisterPageTest" name="verifytitleTest" time="0.015"/>
  <testcase classname="com.qa.blazedemo.testcases.RegisterPageTest" name="clickLinkToRegisterPageTest" time="4.9"/>
  <testcase classname="com.qa.blazedemo.testcases.RegisterPageTest" name="verifyRegisterURLTest" time="0.014"/>
  <testcase classname="com.qa.blazedemo.testcases.RegisterPageTest" name="RegisterUserTest" time="2.566"/>
</testsuite> <!-- BlazedemoTest -->
