<?xml version="1.0" encoding="UTF-8"?>
<!-- Generated by org.testng.reporters.JUnitXMLReporter -->
<testsuite ignored="0" hostname="LAPTOP-DOBLN3AU" failures="0" tests="2" name="BlazedemoTest4" time="11.428" errors="0" timestamp="2022-01-03T17:38:09 IST">
  <testcase classname="com.qa.blazedemo.testcases.ChooseFlightsTest" name="findflightTest" time="3.599"/>
  <testcase classname="com.qa.blazedemo.testcases.ChooseFlightsTest" name="chooseflightTest" time="0.584"/>
</testsuite> <!-- BlazedemoTest4 -->
